  AFEM_cpu_solver.cpp
D:\GitHub\AFEM\AFEM\FEM\include\AFEM_geometry.hpp(146): warning C4551: function call missing argument list
D:\GitHub\AFEM\AFEM\FEM\include\AFEM_geometry.hpp(174): warning C4267: 'return' : conversion from 'size_t' to 'int', possible loss of data
D:\GitHub\AFEM\AFEM\cuda\gpu_include\AFEM_cuda.cuh(89): warning C4305: 'initializing' : truncation from 'double' to 'float'
D:\GitHub\AFEM\AFEM\FEM\source\AFEM_cpu_solver.cpp(47): warning C4244: '=' : conversion from 'double' to 'float', possible loss of data
  AFEM_simulation.cpp
d:\github\afem\afem\fem\include\AFEM_geometry.hpp(146): warning C4551: function call missing argument list
d:\github\afem\afem\fem\include\AFEM_geometry.hpp(174): warning C4267: 'return' : conversion from 'size_t' to 'int', possible loss of data
D:\GitHub\AFEM\AFEM\cuda\gpu_include\AFEM_cuda.cuh(89): warning C4305: 'initializing' : truncation from 'double' to 'float'
D:\GitHub\AFEM\AFEM\FEM\source\AFEM_simulation.cpp(29): warning C4267: 'argument' : conversion from 'size_t' to 'int', possible loss of data
D:\GitHub\AFEM\AFEM\FEM\source\AFEM_simulation.cpp(64): warning C4267: 'argument' : conversion from 'size_t' to 'int', possible loss of data
D:\GitHub\AFEM\AFEM\FEM\source\AFEM_simulation.cpp(67): warning C4267: 'argument' : conversion from 'size_t' to 'int', possible loss of data
D:\GitHub\AFEM\AFEM\FEM\source\AFEM_simulation.cpp(101): warning C4267: 'argument' : conversion from 'size_t' to 'int', possible loss of data
D:\GitHub\AFEM\AFEM\FEM\source\AFEM_simulation.cpp(114): warning C4244: '=' : conversion from 'double' to 'float', possible loss of data
D:\GitHub\AFEM\AFEM\FEM\source\AFEM_simulation.cpp(121): warning C4267: 'argument' : conversion from 'size_t' to 'int', possible loss of data
D:\GitHub\AFEM\AFEM\FEM\source\AFEM_simulation.cpp(129): warning C4267: 'argument' : conversion from 'size_t' to 'int', possible loss of data
D:\GitHub\AFEM\AFEM\FEM\source\AFEM_simulation.cpp(146): warning C4267: 'argument' : conversion from 'size_t' to 'int', possible loss of data
  AFEM_visualization.cpp
d:\github\afem\afem\fem\include\AFEM_geometry.hpp(146): warning C4551: function call missing argument list
d:\github\afem\afem\fem\include\AFEM_geometry.hpp(174): warning C4267: 'return' : conversion from 'size_t' to 'int', possible loss of data
D:\GitHub\AFEM\AFEM\cuda\gpu_include\AFEM_cuda.cuh(89): warning C4305: 'initializing' : truncation from 'double' to 'float'
D:\GitHub\AFEM\AFEM\FEM\source\AFEM_visualization.cpp(118): warning C4267: '=' : conversion from 'size_t' to 'int', possible loss of data
D:\GitHub\AFEM\AFEM\FEM\source\AFEM_visualization.cpp(232): warning C4101: 'e' : unreferenced local variable
D:\GitHub\AFEM\AFEM\FEM\source\AFEM_visualization.cpp(310): warning C4244: 'argument' : conversion from 'double' to 'GLfloat', possible loss of data
D:\GitHub\AFEM\AFEM\FEM\source\AFEM_visualization.cpp(313): warning C4244: 'argument' : conversion from 'double' to 'GLfloat', possible loss of data
D:\GitHub\AFEM\AFEM\FEM\source\AFEM_visualization.cpp(314): warning C4244: 'argument' : conversion from 'double' to 'GLfloat', possible loss of data
D:\GitHub\AFEM\AFEM\FEM\source\AFEM_visualization.cpp(315): warning C4244: 'argument' : conversion from 'double' to 'GLfloat', possible loss of data
D:\GitHub\AFEM\AFEM\FEM\source\AFEM_visualization.cpp(317): warning C4244: 'argument' : conversion from 'double' to 'GLfloat', possible loss of data
D:\GitHub\AFEM\AFEM\FEM\source\AFEM_visualization.cpp(318): warning C4244: 'argument' : conversion from 'double' to 'GLfloat', possible loss of data
D:\GitHub\AFEM\AFEM\FEM\source\AFEM_visualization.cpp(320): warning C4244: 'argument' : conversion from 'double' to 'GLfloat', possible loss of data
D:\GitHub\AFEM\AFEM\FEM\source\AFEM_visualization.cpp(347): warning C4244: 'argument' : conversion from 'double' to 'GLfloat', possible loss of data
D:\GitHub\AFEM\AFEM\FEM\source\AFEM_visualization.cpp(348): warning C4244: 'argument' : conversion from 'double' to 'GLfloat', possible loss of data
D:\GitHub\AFEM\AFEM\FEM\source\AFEM_visualization.cpp(349): warning C4244: 'argument' : conversion from 'double' to 'GLfloat', possible loss of data
D:\GitHub\AFEM\AFEM\FEM\source\AFEM_visualization.cpp(350): warning C4244: 'argument' : conversion from 'double' to 'GLfloat', possible loss of data
D:\GitHub\AFEM\AFEM\FEM\source\AFEM_visualization.cpp(371): warning C4244: 'argument' : conversion from 'double' to 'GLfloat', possible loss of data
D:\GitHub\AFEM\AFEM\FEM\source\AFEM_visualization.cpp(415): warning C4244: 'argument' : conversion from 'double' to 'GLfloat', possible loss of data
  Generating Code...
AFEM_io.obj : warning LNK4221: This object file does not define any previously undefined public symbols, so it will not be used by any link operation that consumes this library
  FEM_lib.vcxproj -> D:\GitHub\AFEM\build\AFEM\FEM\Debug\FEM_lib.lib
