d:\github\afem\build\cv_wrappers\cv_custom_wrapper.dir\debug\vc120.pdb
d:\github\afem\build\cv_wrappers\cv_custom_wrapper.dir\debug\viz_widget.obj
d:\github\afem\build\cv_wrappers\cv_custom_wrapper.dir\debug\viz_tools.obj
d:\github\afem\build\cv_wrappers\cv_custom_wrapper.dir\debug\surf.obj
d:\github\afem\build\cv_wrappers\cv_custom_wrapper.dir\debug\stereo.obj
d:\github\afem\build\cv_wrappers\cv_custom_wrapper.dir\debug\raytracer.obj
d:\github\afem\build\cv_wrappers\cv_custom_wrapper.dir\debug\optic_flow.obj
d:\github\afem\build\cv_wrappers\cv_custom_wrapper.dir\debug\hough_circle.obj
d:\github\afem\build\cv_wrappers\cv_custom_wrapper.dir\debug\cv_io.obj
d:\github\afem\build\cv_wrappers\cv_custom_wrapper.dir\debug\aruco_tools.obj
d:\github\afem\build\cv_wrappers\cmakefiles\generate.stamp
d:\github\afem\build\cv_wrappers\debug\cv_custom_wrapper.lib
d:\github\afem\build\cv_wrappers\cv_custom_wrapper.dir\debug\cv_custo.d98abfac.tlog\cl.command.1.tlog
d:\github\afem\build\cv_wrappers\cv_custom_wrapper.dir\debug\cv_custo.d98abfac.tlog\cl.read.1.tlog
d:\github\afem\build\cv_wrappers\cv_custom_wrapper.dir\debug\cv_custo.d98abfac.tlog\cl.write.1.tlog
d:\github\afem\build\cv_wrappers\cv_custom_wrapper.dir\debug\cv_custo.d98abfac.tlog\custombuild.command.1.tlog
d:\github\afem\build\cv_wrappers\cv_custom_wrapper.dir\debug\cv_custo.d98abfac.tlog\custombuild.read.1.tlog
d:\github\afem\build\cv_wrappers\cv_custom_wrapper.dir\debug\cv_custo.d98abfac.tlog\custombuild.write.1.tlog
d:\github\afem\build\cv_wrappers\cv_custom_wrapper.dir\debug\cv_custo.d98abfac.tlog\lib-link.read.1.tlog
d:\github\afem\build\cv_wrappers\cv_custom_wrapper.dir\debug\cv_custo.d98abfac.tlog\lib-link.write.1.tlog
d:\github\afem\build\cv_wrappers\cv_custom_wrapper.dir\debug\cv_custo.d98abfac.tlog\lib.command.1.tlog
