d:\github\afem\build\phantom_experiment.dir\debug\vc120.pdb
d:\github\afem\build\phantom_experiment.dir\debug\experiment_abdominal_phantom.obj
d:\github\afem\build\cmakefiles\generate.stamp
d:\github\afem\build\debug\phantom_experiment.lib
d:\github\afem\build\debug\phantom_experiment.exp
d:\github\afem\build\debug\phantom_experiment.pdb
d:\github\afem\build\phantom_experiment.dir\debug\phantom_.62016d26.tlog\cl.command.1.tlog
d:\github\afem\build\phantom_experiment.dir\debug\phantom_.62016d26.tlog\cl.read.1.tlog
d:\github\afem\build\phantom_experiment.dir\debug\phantom_.62016d26.tlog\cl.write.1.tlog
d:\github\afem\build\phantom_experiment.dir\debug\phantom_.62016d26.tlog\custombuild.command.1.tlog
d:\github\afem\build\phantom_experiment.dir\debug\phantom_.62016d26.tlog\custombuild.read.1.tlog
d:\github\afem\build\phantom_experiment.dir\debug\phantom_.62016d26.tlog\custombuild.write.1.tlog
d:\github\afem\build\phantom_experiment.dir\debug\phantom_.62016d26.tlog\link.532-cvtres.read.1.tlog
d:\github\afem\build\phantom_experiment.dir\debug\phantom_.62016d26.tlog\link.532-cvtres.write.1.tlog
d:\github\afem\build\phantom_experiment.dir\debug\phantom_.62016d26.tlog\link.532-rc.read.1.tlog
d:\github\afem\build\phantom_experiment.dir\debug\phantom_.62016d26.tlog\link.532-rc.write.1.tlog
d:\github\afem\build\phantom_experiment.dir\debug\phantom_.62016d26.tlog\link.532.read.1.tlog
d:\github\afem\build\phantom_experiment.dir\debug\phantom_.62016d26.tlog\link.532.write.1.tlog
d:\github\afem\build\phantom_experiment.dir\debug\phantom_.62016d26.tlog\link.command.1.tlog
d:\github\afem\build\phantom_experiment.dir\debug\phantom_.62016d26.tlog\link.read.1.tlog
d:\github\afem\build\phantom_experiment.dir\debug\phantom_.62016d26.tlog\link.write.1.tlog
d:\github\afem\build\phantom_experiment.dir\debug\phantom_.62016d26.tlog\phantom_experiment.write.1u.tlog
