  AFEM_cpu_solver.cpp
D:\GitHub\AFEM\AFEM\include\AFEM_geometry.hpp(121): warning C4551: function call missing argument list
D:\GitHub\AFEM\AFEM\cuda\gpu_include\AFEM_cuda.cuh(86): warning C4305: 'initializing' : truncation from 'double' to 'float'
D:\GitHub\AFEM\AFEM\source\AFEM_cpu_solver.cpp(47): warning C4244: '=' : conversion from 'double' to 'float', possible loss of data
  AFEM_simulation.cpp
d:\github\afem\afem\include\AFEM_geometry.hpp(121): warning C4551: function call missing argument list
D:\GitHub\AFEM\AFEM\cuda\gpu_include\AFEM_cuda.cuh(86): warning C4305: 'initializing' : truncation from 'double' to 'float'
D:\GitHub\AFEM\AFEM\source\AFEM_simulation.cpp(27): warning C4267: 'argument' : conversion from 'size_t' to 'int', possible loss of data
D:\GitHub\AFEM\AFEM\source\AFEM_simulation.cpp(61): warning C4267: 'argument' : conversion from 'size_t' to 'int', possible loss of data
D:\GitHub\AFEM\AFEM\source\AFEM_simulation.cpp(64): warning C4267: 'argument' : conversion from 'size_t' to 'int', possible loss of data
D:\GitHub\AFEM\AFEM\source\AFEM_simulation.cpp(82): warning C4267: 'argument' : conversion from 'size_t' to 'int', possible loss of data
D:\GitHub\AFEM\AFEM\source\AFEM_simulation.cpp(127): warning C4267: 'argument' : conversion from 'size_t' to 'int', possible loss of data
  AFEM_visualization.cpp
d:\github\afem\afem\include\AFEM_geometry.hpp(121): warning C4551: function call missing argument list
D:\GitHub\AFEM\AFEM\cuda\gpu_include\AFEM_cuda.cuh(86): warning C4305: 'initializing' : truncation from 'double' to 'float'
D:\GitHub\AFEM\AFEM\source\AFEM_visualization.cpp(118): warning C4267: '=' : conversion from 'size_t' to 'int', possible loss of data
D:\GitHub\AFEM\AFEM\source\AFEM_visualization.cpp(232): warning C4101: 'e' : unreferenced local variable
D:\GitHub\AFEM\AFEM\source\AFEM_visualization.cpp(312): warning C4244: 'argument' : conversion from 'double' to 'GLfloat', possible loss of data
D:\GitHub\AFEM\AFEM\source\AFEM_visualization.cpp(313): warning C4244: 'argument' : conversion from 'double' to 'GLfloat', possible loss of data
D:\GitHub\AFEM\AFEM\source\AFEM_visualization.cpp(314): warning C4244: 'argument' : conversion from 'double' to 'GLfloat', possible loss of data
D:\GitHub\AFEM\AFEM\source\AFEM_visualization.cpp(316): warning C4244: 'argument' : conversion from 'double' to 'GLfloat', possible loss of data
D:\GitHub\AFEM\AFEM\source\AFEM_visualization.cpp(317): warning C4244: 'argument' : conversion from 'double' to 'GLfloat', possible loss of data
D:\GitHub\AFEM\AFEM\source\AFEM_visualization.cpp(319): warning C4244: 'argument' : conversion from 'double' to 'GLfloat', possible loss of data
D:\GitHub\AFEM\AFEM\source\AFEM_visualization.cpp(346): warning C4244: 'argument' : conversion from 'double' to 'GLfloat', possible loss of data
D:\GitHub\AFEM\AFEM\source\AFEM_visualization.cpp(347): warning C4244: 'argument' : conversion from 'double' to 'GLfloat', possible loss of data
D:\GitHub\AFEM\AFEM\source\AFEM_visualization.cpp(348): warning C4244: 'argument' : conversion from 'double' to 'GLfloat', possible loss of data
D:\GitHub\AFEM\AFEM\source\AFEM_visualization.cpp(349): warning C4244: 'argument' : conversion from 'double' to 'GLfloat', possible loss of data
D:\GitHub\AFEM\AFEM\source\AFEM_visualization.cpp(370): warning C4244: 'argument' : conversion from 'double' to 'GLfloat', possible loss of data
  test_cuda.cpp
D:\GitHub\AFEM\AFEM\include\AFEM_geometry.hpp(121): warning C4551: function call missing argument list
D:\GitHub\AFEM\AFEM\cuda\gpu_include\AFEM_cuda.cuh(86): warning C4305: 'initializing' : truncation from 'double' to 'float'
  Generating Code...
  AFEM.vcxproj -> D:\GitHub\AFEM\build\Debug\AFEM.exe
