  Building NVCC (Device) object AFEM/cuda/CMakeFiles/AFEM_cuda_lib.dir/gpu_source/Debug/AFEM_cuda_lib_generated_AFEM_QR_solver.cu.obj
  AFEM_QR_solver.cu
  
D:\GitHub\AFEM\AFEM\FEM\include\AFEM_geometry.hpp(132): warning : expression has no effect
  
  
  
D:/GitHub/AFEM/AFEM/cuda/gpu_source/AFEM_QR_solver.cu(375): warning : variable "cublasStatus" was set but never used
  
  
  
D:/GitHub/AFEM/AFEM/cuda/gpu_source/AFEM_QR_solver.cu(382): warning : variable "cusparseStatus" was set but never used
  
  
  
D:/GitHub/AFEM/AFEM/cuda/gpu_source/AFEM_QR_solver.cu(596): warning : variable "cublasStatus" was set but never used
  
  
  
D:/GitHub/AFEM/AFEM/cuda/gpu_source/AFEM_QR_solver.cu(602): warning : variable "cusparseStatus" was set but never used
  
  
  
D:/GitHub/AFEM/AFEM/cuda/gpu_source/AFEM_QR_solver.cu(715): warning : variable "dot" was declared but never referenced
  
  
  
D:\GitHub\AFEM\AFEM\FEM\include\AFEM_geometry.hpp(132): warning : expression has no effect
  
  
  
D:/GitHub/AFEM/AFEM/cuda/gpu_source/AFEM_QR_solver.cu(375): warning : variable "cublasStatus" was set but never used
  
  
  
D:/GitHub/AFEM/AFEM/cuda/gpu_source/AFEM_QR_solver.cu(382): warning : variable "cusparseStatus" was set but never used
  
  
  
D:/GitHub/AFEM/AFEM/cuda/gpu_source/AFEM_QR_solver.cu(596): warning : variable "cublasStatus" was set but never used
  
  
  
D:/GitHub/AFEM/AFEM/cuda/gpu_source/AFEM_QR_solver.cu(602): warning : variable "cusparseStatus" was set but never used
  
  
  
D:/GitHub/AFEM/AFEM/cuda/gpu_source/AFEM_QR_solver.cu(715): warning : variable "dot" was declared but never referenced
  
  
  
  AFEM_QR_solver.cu
  
D:\GitHub\AFEM\AFEM\FEM\include\AFEM_geometry.hpp(132): warning C4551: function call missing argument list
  
D:\GitHub\AFEM\AFEM\cuda\gpu_include\AFEM_cuda.cuh(89): warning C4305: 'initializing' : truncation from 'double' to 'float'
  
D:/GitHub/AFEM/AFEM/cuda/gpu_source/AFEM_QR_solver.cu(715): warning C4101: 'dot' : unreferenced local variable
  
  Building NVCC (Device) object AFEM/cuda/CMakeFiles/AFEM_cuda_lib.dir/gpu_source/Debug/AFEM_cuda_lib_generated_AFEM_corotational.cu.obj
  AFEM_corotational.cu
  
D:\GitHub\AFEM\AFEM\FEM\include\AFEM_geometry.hpp(132): warning : expression has no effect
  
  
  
D:/GitHub/AFEM/AFEM/cuda/gpu_source/AFEM_corotational.cu(467): warning : invalid narrowing conversion from "double" to "float"
  
  
  
D:/GitHub/AFEM/AFEM/cuda/gpu_source/AFEM_corotational.cu(467): warning : invalid narrowing conversion from "double" to "float"
  
  
  
D:/GitHub/AFEM/AFEM/cuda/gpu_source/AFEM_corotational.cu(467): warning : invalid narrowing conversion from "double" to "float"
  
  
  
D:/GitHub/AFEM/AFEM/cuda/gpu_source/AFEM_corotational.cu(468): warning : invalid narrowing conversion from "double" to "float"
  
  
  
D:/GitHub/AFEM/AFEM/cuda/gpu_source/AFEM_corotational.cu(468): warning : invalid narrowing conversion from "double" to "float"
  
  
  
D:/GitHub/AFEM/AFEM/cuda/gpu_source/AFEM_corotational.cu(468): warning : invalid narrowing conversion from "double" to "float"
  
  
  
D:/GitHub/AFEM/AFEM/cuda/gpu_source/AFEM_corotational.cu(469): warning : invalid narrowing conversion from "double" to "float"
  
  
  
D:/GitHub/AFEM/AFEM/cuda/gpu_source/AFEM_corotational.cu(469): warning : invalid narrowing conversion from "double" to "float"
  
  
  
D:/GitHub/AFEM/AFEM/cuda/gpu_source/AFEM_corotational.cu(469): warning : invalid narrowing conversion from "double" to "float"
  
  
  
D:/GitHub/AFEM/AFEM/cuda/gpu_source/AFEM_corotational.cu(470): warning : invalid narrowing conversion from "double" to "float"
  
  
  
D:/GitHub/AFEM/AFEM/cuda/gpu_source/AFEM_corotational.cu(470): warning : invalid narrowing conversion from "double" to "float"
  
  
  
D:/GitHub/AFEM/AFEM/cuda/gpu_source/AFEM_corotational.cu(470): warning : invalid narrowing conversion from "double" to "float"
  
  
  
D:/GitHub/AFEM/AFEM/cuda/gpu_source/AFEM_corotational.cu(377): warning : variable "testingvalue" was declared but never referenced
  
  
  
D:/GitHub/AFEM/AFEM/cuda/gpu_source/AFEM_corotational.cu(718): warning : variable "b1" was set but never used
  
  
  
D:\GitHub\AFEM\AFEM\FEM\include\AFEM_geometry.hpp(132): warning : expression has no effect
  
  
  
D:/GitHub/AFEM/AFEM/cuda/gpu_source/AFEM_corotational.cu(467): warning : invalid narrowing conversion from "double" to "float"
  
  
  
D:/GitHub/AFEM/AFEM/cuda/gpu_source/AFEM_corotational.cu(467): warning : invalid narrowing conversion from "double" to "float"
  
  
  
D:/GitHub/AFEM/AFEM/cuda/gpu_source/AFEM_corotational.cu(467): warning : invalid narrowing conversion from "double" to "float"
  
  
  
D:/GitHub/AFEM/AFEM/cuda/gpu_source/AFEM_corotational.cu(468): warning : invalid narrowing conversion from "double" to "float"
  
  
  
D:/GitHub/AFEM/AFEM/cuda/gpu_source/AFEM_corotational.cu(468): warning : invalid narrowing conversion from "double" to "float"
  
  
  
D:/GitHub/AFEM/AFEM/cuda/gpu_source/AFEM_corotational.cu(468): warning : invalid narrowing conversion from "double" to "float"
  
  
  
D:/GitHub/AFEM/AFEM/cuda/gpu_source/AFEM_corotational.cu(469): warning : invalid narrowing conversion from "double" to "float"
  
  
  
D:/GitHub/AFEM/AFEM/cuda/gpu_source/AFEM_corotational.cu(469): warning : invalid narrowing conversion from "double" to "float"
  
  
  
D:/GitHub/AFEM/AFEM/cuda/gpu_source/AFEM_corotational.cu(469): warning : invalid narrowing conversion from "double" to "float"
  
  
  
D:/GitHub/AFEM/AFEM/cuda/gpu_source/AFEM_corotational.cu(470): warning : invalid narrowing conversion from "double" to "float"
  
  
  
D:/GitHub/AFEM/AFEM/cuda/gpu_source/AFEM_corotational.cu(470): warning : invalid narrowing conversion from "double" to "float"
  
  
  
D:/GitHub/AFEM/AFEM/cuda/gpu_source/AFEM_corotational.cu(470): warning : invalid narrowing conversion from "double" to "float"
  
  
  
D:/GitHub/AFEM/AFEM/cuda/gpu_source/AFEM_corotational.cu(377): warning : variable "testingvalue" was declared but never referenced
  
  
  
D:/GitHub/AFEM/AFEM/cuda/gpu_source/AFEM_corotational.cu(718): warning : variable "b1" was set but never used
  
  
  
  AFEM_corotational.cu
  
D:\GitHub\AFEM\AFEM\FEM\include\AFEM_geometry.hpp(132): warning C4551: function call missing argument list
  
  Building NVCC (Device) object AFEM/cuda/CMakeFiles/AFEM_cuda_lib.dir/gpu_source/Debug/AFEM_cuda_lib_generated_AFEM_corotational_energy_minimisation.cu.obj
  AFEM_corotational_energy_minimisation.cu
  
D:\GitHub\AFEM\AFEM\FEM\include\AFEM_geometry.hpp(132): warning : expression has no effect
  
  
  
D:/GitHub/AFEM/AFEM/cuda/gpu_source/AFEM_corotational_energy_minimisation.cu(467): warning : invalid narrowing conversion from "double" to "float"
  
  
  
D:/GitHub/AFEM/AFEM/cuda/gpu_source/AFEM_corotational_energy_minimisation.cu(467): warning : invalid narrowing conversion from "double" to "float"
  
  
  
D:/GitHub/AFEM/AFEM/cuda/gpu_source/AFEM_corotational_energy_minimisation.cu(467): warning : invalid narrowing conversion from "double" to "float"
  
  
  
D:/GitHub/AFEM/AFEM/cuda/gpu_source/AFEM_corotational_energy_minimisation.cu(468): warning : invalid narrowing conversion from "double" to "float"
  
  
  
D:/GitHub/AFEM/AFEM/cuda/gpu_source/AFEM_corotational_energy_minimisation.cu(468): warning : invalid narrowing conversion from "double" to "float"
  
  
  
D:/GitHub/AFEM/AFEM/cuda/gpu_source/AFEM_corotational_energy_minimisation.cu(468): warning : invalid narrowing conversion from "double" to "float"
  
  
  
D:/GitHub/AFEM/AFEM/cuda/gpu_source/AFEM_corotational_energy_minimisation.cu(469): warning : invalid narrowing conversion from "double" to "float"
  
  
  
D:/GitHub/AFEM/AFEM/cuda/gpu_source/AFEM_corotational_energy_minimisation.cu(469): warning : invalid narrowing conversion from "double" to "float"
  
  
  
D:/GitHub/AFEM/AFEM/cuda/gpu_source/AFEM_corotational_energy_minimisation.cu(469): warning : invalid narrowing conversion from "double" to "float"
  
  
  
D:/GitHub/AFEM/AFEM/cuda/gpu_source/AFEM_corotational_energy_minimisation.cu(470): warning : invalid narrowing conversion from "double" to "float"
  
  
  
D:/GitHub/AFEM/AFEM/cuda/gpu_source/AFEM_corotational_energy_minimisation.cu(470): warning : invalid narrowing conversion from "double" to "float"
  
  
  
D:/GitHub/AFEM/AFEM/cuda/gpu_source/AFEM_corotational_energy_minimisation.cu(470): warning : invalid narrowing conversion from "double" to "float"
  
  
  
D:/GitHub/AFEM/AFEM/cuda/gpu_source/AFEM_corotational_energy_minimisation.cu(377): warning : variable "testingvalue" was declared but never referenced
  
  
  
D:/GitHub/AFEM/AFEM/cuda/gpu_source/AFEM_corotational_energy_minimisation.cu(709): warning : variable "a" was declared but never referenced
  
  
  
D:/GitHub/AFEM/AFEM/cuda/gpu_source/AFEM_corotational_energy_minimisation.cu(709): warning : variable "b" was set but never used
  
  
  
D:\GitHub\AFEM\AFEM\FEM\include\AFEM_geometry.hpp(132): warning : expression has no effect
  
  
  
D:/GitHub/AFEM/AFEM/cuda/gpu_source/AFEM_corotational_energy_minimisation.cu(467): warning : invalid narrowing conversion from "double" to "float"
  
  
  
D:/GitHub/AFEM/AFEM/cuda/gpu_source/AFEM_corotational_energy_minimisation.cu(467): warning : invalid narrowing conversion from "double" to "float"
  
  
  
D:/GitHub/AFEM/AFEM/cuda/gpu_source/AFEM_corotational_energy_minimisation.cu(467): warning : invalid narrowing conversion from "double" to "float"
  
  
  
D:/GitHub/AFEM/AFEM/cuda/gpu_source/AFEM_corotational_energy_minimisation.cu(468): warning : invalid narrowing conversion from "double" to "float"
  
  
  
D:/GitHub/AFEM/AFEM/cuda/gpu_source/AFEM_corotational_energy_minimisation.cu(468): warning : invalid narrowing conversion from "double" to "float"
  
  
  
D:/GitHub/AFEM/AFEM/cuda/gpu_source/AFEM_corotational_energy_minimisation.cu(468): warning : invalid narrowing conversion from "double" to "float"
  
  
  
D:/GitHub/AFEM/AFEM/cuda/gpu_source/AFEM_corotational_energy_minimisation.cu(469): warning : invalid narrowing conversion from "double" to "float"
  
  
  
D:/GitHub/AFEM/AFEM/cuda/gpu_source/AFEM_corotational_energy_minimisation.cu(469): warning : invalid narrowing conversion from "double" to "float"
  
  
  
D:/GitHub/AFEM/AFEM/cuda/gpu_source/AFEM_corotational_energy_minimisation.cu(469): warning : invalid narrowing conversion from "double" to "float"
  
  
  
D:/GitHub/AFEM/AFEM/cuda/gpu_source/AFEM_corotational_energy_minimisation.cu(470): warning : invalid narrowing conversion from "double" to "float"
  
  
  
D:/GitHub/AFEM/AFEM/cuda/gpu_source/AFEM_corotational_energy_minimisation.cu(470): warning : invalid narrowing conversion from "double" to "float"
  
  
  
D:/GitHub/AFEM/AFEM/cuda/gpu_source/AFEM_corotational_energy_minimisation.cu(470): warning : invalid narrowing conversion from "double" to "float"
  
  
  
D:/GitHub/AFEM/AFEM/cuda/gpu_source/AFEM_corotational_energy_minimisation.cu(377): warning : variable "testingvalue" was declared but never referenced
  
  
  
D:/GitHub/AFEM/AFEM/cuda/gpu_source/AFEM_corotational_energy_minimisation.cu(709): warning : variable "a" was declared but never referenced
  
  
  
D:/GitHub/AFEM/AFEM/cuda/gpu_source/AFEM_corotational_energy_minimisation.cu(709): warning : variable "b" was set but never used
  
  
  
  AFEM_corotational_energy_minimisation.cu
  
D:\GitHub\AFEM\AFEM\FEM\include\AFEM_geometry.hpp(132): warning C4551: function call missing argument list
  
  Building NVCC (Device) object AFEM/cuda/CMakeFiles/AFEM_cuda_lib.dir/gpu_source/Debug/AFEM_cuda_lib_generated_AFEM_cuda.cu.obj
  AFEM_cuda.cu
  
D:\GitHub\AFEM\AFEM\FEM\include\AFEM_geometry.hpp(132): warning : expression has no effect
  
  
  
D:/GitHub/AFEM/AFEM/cuda/gpu_source/AFEM_cuda.cu(224): warning : invalid narrowing conversion from "double" to "float"
  
  
  
D:/GitHub/AFEM/AFEM/cuda/gpu_source/AFEM_cuda.cu(224): warning : invalid narrowing conversion from "double" to "float"
  
  
  
D:/GitHub/AFEM/AFEM/cuda/gpu_source/AFEM_cuda.cu(224): warning : invalid narrowing conversion from "double" to "float"
  
  
  
D:/GitHub/AFEM/AFEM/cuda/gpu_source/AFEM_cuda.cu(224): warning : invalid narrowing conversion from "double" to "float"
  
  
  
D:/GitHub/AFEM/AFEM/cuda/gpu_source/AFEM_cuda.cu(224): warning : invalid narrowing conversion from "double" to "float"
  
  
  
D:/GitHub/AFEM/AFEM/cuda/gpu_source/AFEM_cuda.cu(224): warning : invalid narrowing conversion from "double" to "float"
  
  
  
D:/GitHub/AFEM/AFEM/cuda/gpu_source/AFEM_cuda.cu(224): warning : invalid narrowing conversion from "double" to "float"
  
  
  
D:/GitHub/AFEM/AFEM/cuda/gpu_source/AFEM_cuda.cu(224): warning : invalid narrowing conversion from "double" to "float"
  
  
  
D:/GitHub/AFEM/AFEM/cuda/gpu_source/AFEM_cuda.cu(224): warning : invalid narrowing conversion from "double" to "float"
  
  
  
D:/GitHub/AFEM/AFEM/cuda/gpu_source/AFEM_cuda.cu(249): warning : invalid narrowing conversion from "double" to "float"
  
  
  
D:/GitHub/AFEM/AFEM/cuda/gpu_source/AFEM_cuda.cu(256): warning : invalid narrowing conversion from "double" to "float"
  
  
  
D:/GitHub/AFEM/AFEM/cuda/gpu_source/AFEM_cuda.cu(263): warning : invalid narrowing conversion from "double" to "float"
  
  
  
D:/GitHub/AFEM/AFEM/cuda/gpu_source/AFEM_cuda.cu(224): warning : variable "E" was declared but never referenced
  
  
  
D:/GitHub/AFEM/AFEM/cuda/gpu_source/AFEM_cuda.cu(395): warning : variable "testingvalue" was declared but never referenced
  
  
  
D:/GitHub/AFEM/AFEM/cuda/gpu_source/AFEM_cuda.cu(499): warning : variable "R11" was declared but never referenced
  
  
  
D:/GitHub/AFEM/AFEM/cuda/gpu_source/AFEM_cuda.cu(499): warning : variable "R12" was declared but never referenced
  
  
  
D:/GitHub/AFEM/AFEM/cuda/gpu_source/AFEM_cuda.cu(499): warning : variable "R13" was declared but never referenced
  
  
  
D:/GitHub/AFEM/AFEM/cuda/gpu_source/AFEM_cuda.cu(499): warning : variable "R21" was declared but never referenced
  
  
  
D:/GitHub/AFEM/AFEM/cuda/gpu_source/AFEM_cuda.cu(499): warning : variable "R22" was declared but never referenced
  
  
  
D:/GitHub/AFEM/AFEM/cuda/gpu_source/AFEM_cuda.cu(499): warning : variable "R23" was declared but never referenced
  
  
  
D:/GitHub/AFEM/AFEM/cuda/gpu_source/AFEM_cuda.cu(499): warning : variable "R31" was declared but never referenced
  
  
  
D:/GitHub/AFEM/AFEM/cuda/gpu_source/AFEM_cuda.cu(499): warning : variable "R32" was declared but never referenced
  
  
  
D:/GitHub/AFEM/AFEM/cuda/gpu_source/AFEM_cuda.cu(499): warning : variable "R33" was declared but never referenced
  
  
  
D:/GitHub/AFEM/AFEM/cuda/gpu_source/AFEM_cuda.cu(1903): warning : variable "testingvalue" was declared but never referenced
  
  
  
D:/GitHub/AFEM/AFEM/cuda/gpu_source/AFEM_cuda.cu(2201): warning : variable "d" was set but never used
  
  
  
D:/GitHub/AFEM/AFEM/cuda/gpu_source/AFEM_cuda.cu(2327): warning : parameter "elem_array_ptr" was set but never used
  
  
  
D:/GitHub/AFEM/AFEM/cuda/gpu_source/AFEM_cuda.cu(2327): warning : parameter "pos_array_ptr" was set but never used
  
  
  
D:\GitHub\AFEM\AFEM\FEM\include\AFEM_geometry.hpp(132): warning : expression has no effect
  
  
  
D:/GitHub/AFEM/AFEM/cuda/gpu_source/AFEM_cuda.cu(224): warning : invalid narrowing conversion from "double" to "float"
  
  
  
D:/GitHub/AFEM/AFEM/cuda/gpu_source/AFEM_cuda.cu(224): warning : invalid narrowing conversion from "double" to "float"
  
  
  
D:/GitHub/AFEM/AFEM/cuda/gpu_source/AFEM_cuda.cu(224): warning : invalid narrowing conversion from "double" to "float"
  
  
  
D:/GitHub/AFEM/AFEM/cuda/gpu_source/AFEM_cuda.cu(224): warning : invalid narrowing conversion from "double" to "float"
  
  
  
D:/GitHub/AFEM/AFEM/cuda/gpu_source/AFEM_cuda.cu(224): warning : invalid narrowing conversion from "double" to "float"
  
  
  
D:/GitHub/AFEM/AFEM/cuda/gpu_source/AFEM_cuda.cu(224): warning : invalid narrowing conversion from "double" to "float"
  
  
  
D:/GitHub/AFEM/AFEM/cuda/gpu_source/AFEM_cuda.cu(224): warning : invalid narrowing conversion from "double" to "float"
  
  
  
D:/GitHub/AFEM/AFEM/cuda/gpu_source/AFEM_cuda.cu(224): warning : invalid narrowing conversion from "double" to "float"
  
  
  
D:/GitHub/AFEM/AFEM/cuda/gpu_source/AFEM_cuda.cu(224): warning : invalid narrowing conversion from "double" to "float"
  
  
  
D:/GitHub/AFEM/AFEM/cuda/gpu_source/AFEM_cuda.cu(249): warning : invalid narrowing conversion from "double" to "float"
  
  
  
D:/GitHub/AFEM/AFEM/cuda/gpu_source/AFEM_cuda.cu(256): warning : invalid narrowing conversion from "double" to "float"
  
  
  
D:/GitHub/AFEM/AFEM/cuda/gpu_source/AFEM_cuda.cu(263): warning : invalid narrowing conversion from "double" to "float"
  
  
  
D:/GitHub/AFEM/AFEM/cuda/gpu_source/AFEM_cuda.cu(224): warning : variable "E" was declared but never referenced
  
  
  
D:/GitHub/AFEM/AFEM/cuda/gpu_source/AFEM_cuda.cu(395): warning : variable "testingvalue" was declared but never referenced
  
  
  
D:/GitHub/AFEM/AFEM/cuda/gpu_source/AFEM_cuda.cu(499): warning : variable "R11" was declared but never referenced
  
  
  
D:/GitHub/AFEM/AFEM/cuda/gpu_source/AFEM_cuda.cu(499): warning : variable "R12" was declared but never referenced
  
  
  
D:/GitHub/AFEM/AFEM/cuda/gpu_source/AFEM_cuda.cu(499): warning : variable "R13" was declared but never referenced
  
  
  
D:/GitHub/AFEM/AFEM/cuda/gpu_source/AFEM_cuda.cu(499): warning : variable "R21" was declared but never referenced
  
  
  
D:/GitHub/AFEM/AFEM/cuda/gpu_source/AFEM_cuda.cu(499): warning : variable "R22" was declared but never referenced
  
  
  
D:/GitHub/AFEM/AFEM/cuda/gpu_source/AFEM_cuda.cu(499): warning : variable "R23" was declared but never referenced
  
  
  
D:/GitHub/AFEM/AFEM/cuda/gpu_source/AFEM_cuda.cu(499): warning : variable "R31" was declared but never referenced
  
  
  
D:/GitHub/AFEM/AFEM/cuda/gpu_source/AFEM_cuda.cu(499): warning : variable "R32" was declared but never referenced
  
  
  
D:/GitHub/AFEM/AFEM/cuda/gpu_source/AFEM_cuda.cu(499): warning : variable "R33" was declared but never referenced
  
  
  
D:/GitHub/AFEM/AFEM/cuda/gpu_source/AFEM_cuda.cu(1903): warning : variable "testingvalue" was declared but never referenced
  
  
  
D:/GitHub/AFEM/AFEM/cuda/gpu_source/AFEM_cuda.cu(2201): warning : variable "d" was set but never used
  
  
  
D:/GitHub/AFEM/AFEM/cuda/gpu_source/AFEM_cuda.cu(2327): warning : parameter "elem_array_ptr" was set but never used
  
  
  
D:/GitHub/AFEM/AFEM/cuda/gpu_source/AFEM_cuda.cu(2327): warning : parameter "pos_array_ptr" was set but never used
  
  
  
  AFEM_cuda.cu
  
D:\GitHub\AFEM\AFEM\FEM\include\AFEM_geometry.hpp(132): warning C4551: function call missing argument list
  
D:\GitHub\AFEM\AFEM\cuda\gpu_include\AFEM_cuda.cuh(89): warning C4305: 'initializing' : truncation from 'double' to 'float'
  
D:/GitHub/AFEM/AFEM/cuda/gpu_source/AFEM_cuda.cu(2296): warning C4244: 'argument' : conversion from 'double' to 'int', possible loss of data
  
D:/GitHub/AFEM/AFEM/cuda/gpu_source/AFEM_cuda.cu(2297): warning C4244: 'argument' : conversion from 'double' to 'int', possible loss of data
  
D:/GitHub/AFEM/AFEM/cuda/gpu_source/AFEM_cuda.cu(2298): warning C4244: 'argument' : conversion from 'double' to 'int', possible loss of data
  
D:/GitHub/AFEM/AFEM/cuda/gpu_source/AFEM_cuda.cu(2299): warning C4244: 'argument' : conversion from 'double' to 'int', possible loss of data
  
D:/GitHub/AFEM/AFEM/cuda/gpu_source/AFEM_cuda.cu(2302): warning C4244: 'argument' : conversion from 'double' to 'int', possible loss of data
  
D:/GitHub/AFEM/AFEM/cuda/gpu_source/AFEM_cuda.cu(2306): warning C4244: 'argument' : conversion from 'double' to 'int', possible loss of data
  
D:/GitHub/AFEM/AFEM/cuda/gpu_source/AFEM_cuda.cu(2309): warning C4244: 'argument' : conversion from 'double' to 'int', possible loss of data
  
D:/GitHub/AFEM/AFEM/cuda/gpu_source/AFEM_cuda.cu(2312): warning C4244: 'argument' : conversion from 'double' to 'int', possible loss of data
  
D:/GitHub/AFEM/AFEM/cuda/gpu_source/AFEM_cuda.cu(2315): warning C4244: 'argument' : conversion from 'double' to 'int', possible loss of data
  
D:/GitHub/AFEM/AFEM/cuda/gpu_source/AFEM_cuda.cu(2652): warning C4305: 'argument' : truncation from 'double' to 'float'
  
D:/GitHub/AFEM/AFEM/cuda/gpu_source/AFEM_cuda.cu(2741): warning C4267: 'argument' : conversion from 'size_t' to 'int', possible loss of data
  
D:/GitHub/AFEM/AFEM/cuda/gpu_source/AFEM_cuda.cu(2741): warning C4305: 'argument' : truncation from 'double' to 'float'
  
  Building NVCC (Device) object AFEM/cuda/CMakeFiles/AFEM_cuda_lib.dir/gpu_source/Debug/AFEM_cuda_lib_generated_Utilities.cu.obj
  Utilities.cu
  
D:/GitHub/AFEM/AFEM/cuda/gpu_source/Utilities.cu(131): warning : unrecognized character escape sequence
  
  
  
D:/GitHub/AFEM/AFEM/cuda/gpu_source/Utilities.cu(131): warning : unrecognized character escape sequence
  
  
  
D:/GitHub/AFEM/AFEM/cuda/gpu_source/Utilities.cu(236): warning : unrecognized character escape sequence
  
  
  
D:/GitHub/AFEM/AFEM/cuda/gpu_source/Utilities.cu(236): warning : unrecognized character escape sequence
  
  
  
D:/GitHub/AFEM/AFEM/cuda/gpu_source/Utilities.cu(131): warning : unrecognized character escape sequence
  
  
  
D:/GitHub/AFEM/AFEM/cuda/gpu_source/Utilities.cu(131): warning : unrecognized character escape sequence
  
  
  
D:/GitHub/AFEM/AFEM/cuda/gpu_source/Utilities.cu(236): warning : unrecognized character escape sequence
  
  
  
D:/GitHub/AFEM/AFEM/cuda/gpu_source/Utilities.cu(236): warning : unrecognized character escape sequence
  
  
  
  Utilities.cu
  
D:/GitHub/AFEM/AFEM/cuda/gpu_source/Utilities.cu(131): warning C4313: 'fprintf'  : '%d' in format string conflicts with argument 4 of type 'const char *'
  
D:/GitHub/AFEM/AFEM/cuda/gpu_source/Utilities.cu(236): warning C4313: 'fprintf'  : '%d' in format string conflicts with argument 4 of type 'const char *'
  
  Building Custom Rule D:/GitHub/AFEM/AFEM/cuda/CMakeLists.txt
  CMake does not need to re-run because D:\GitHub\AFEM\build\AFEM\cuda\CMakeFiles\generate.stamp is up-to-date.
  AFEM_cuda_lib.vcxproj -> D:\GitHub\AFEM\build\AFEM\cuda\Debug\AFEM_cuda_lib.lib
